<?xml version="1.0" encoding="UTF-8"?>
<!-- Generated by org.testng.reporters.JUnitXMLReporter -->
<testsuite ignored="0" hostname="LAPTOP-5TIT49CS" failures="1" tests="9" name="Chrome Test" time="18.468" errors="0" timestamp="2025-12-08T00:34:59 IST">
  <testcase classname="com.Hrms.tests.TestPIMPage" name="addEmployeeThenVeify" time="14.884">
    <failure type="java.lang.AssertionError" message="Unable to locate element: //input[@id=&amp;apos;txtEmpFirstName&amp;apos;]
For documentation on this error, please visit: https://www.selenium.dev/documentation/webdriver/troubleshooting/errors#no-such-element-exception
Build info: version: &amp;apos;4.24.0&amp;apos;, revision: &amp;apos;748ffc9bc3&amp;apos;
System info: os.name: &amp;apos;Windows 11&amp;apos;, os.arch: &amp;apos;amd64&amp;apos;, os.version: &amp;apos;10.0&amp;apos;, java.version: &amp;apos;17.0.8.1&amp;apos;
Driver info: org.openqa.selenium.firefox.FirefoxDriver
Command: [690e760d-affd-4a56-ad88-777fa0ba27ab, findElement {value=//input[@id=&amp;apos;txtEmpFirstName&amp;apos;], using=xpath}]
Capabilities {acceptInsecureCerts: true, browserName: firefox, browserVersion: 145.0.2, moz:accessibilityChecks: false, moz:buildID: 20251124145406, moz:geckodriverVersion: 0.36.0, moz:headless: false, moz:platformVersion: 10.0, moz:processID: 38948, moz:profile: C:\Users\HANUMA~1\AppData\L..., moz:shutdownTimeout: 60000, moz:webdriverClick: true, moz:windowless: false, pageLoadStrategy: normal, platformName: windows, proxy: Proxy(), setWindowRect: true, strictFileInteractability: false, timeouts: {implicit: 0, pageLoad: 300000, script: 30000}, unhandledPromptBehavior: dismiss and notify, userAgent: Mozilla/5.0 (Windows NT 10....}
Session ID: 690e760d-affd-4a56-ad88-777fa0ba27ab">
      <![CDATA[java.lang.AssertionError: Unable to locate element: //input[@id='txtEmpFirstName']
For documentation on this error, please visit: https://www.selenium.dev/documentation/webdriver/troubleshooting/errors#no-such-element-exception
Build info: version: '4.24.0', revision: '748ffc9bc3'
System info: os.name: 'Windows 11', os.arch: 'amd64', os.version: '10.0', java.version: '17.0.8.1'
Driver info: org.openqa.selenium.firefox.FirefoxDriver
Command: [690e760d-affd-4a56-ad88-777fa0ba27ab, findElement {value=//input[@id='txtEmpFirstName'], using=xpath}]
Capabilities {acceptInsecureCerts: true, browserName: firefox, browserVersion: 145.0.2, moz:accessibilityChecks: false, moz:buildID: 20251124145406, moz:geckodriverVersion: 0.36.0, moz:headless: false, moz:platformVersion: 10.0, moz:processID: 38948, moz:profile: C:\Users\HANUMA~1\AppData\L..., moz:shutdownTimeout: 60000, moz:webdriverClick: true, moz:windowless: false, pageLoadStrategy: normal, platformName: windows, proxy: Proxy(), setWindowRect: true, strictFileInteractability: false, timeouts: {implicit: 0, pageLoad: 300000, script: 30000}, unhandledPromptBehavior: dismiss and notify, userAgent: Mozilla/5.0 (Windows NT 10....}
Session ID: 690e760d-affd-4a56-ad88-777fa0ba27ab
at com.Hrms.utils.TestNGUtility.assertFail(TestNGUtility.java:41)
at com.Hrms.utils.CommonUtils.findElement(CommonUtils.java:159)
at com.Hrms.utils.CommonUtils.enterValue(CommonUtils.java:261)
at com.Hrms.tests.TestPIMPage.addEmployeeThenVeify(TestPIMPage.java:56)
at java.base/java.util.ArrayList.forEach(ArrayList.java:1511)
at java.base/java.util.concurrent.FutureTask.run(FutureTask.java:264)
at java.base/java.util.concurrent.ThreadPoolExecutor.runWorker(ThreadPoolExecutor.java:1136)
at java.base/java.util.concurrent.ThreadPoolExecutor$Worker.run(ThreadPoolExecutor.java:635)
at java.base/java.lang.Thread.run(Thread.java:833)
... Removed 18 stack frames]]>
    </failure>
  </testcase> <!-- addEmployeeThenVeify -->
  <testcase classname="com.Hrms.tests.TestPIMPage" name="searchEmployee" time="0.033"/>
  <testcase classname="com.Hrms.tests.TestPIMPage" name="editEmployeeDetails" time="0.016"/>
  <testcase classname="com.Hrms.tests.TestPIMPage" name="deleteEmployee" time="0.008"/>
  <testcase classname="com.Hrms.tests.TestPIMPage" name="viewEmployeeList" time="0.004"/>
  <testcase classname="com.Hrms.tests.TestPIMPage" name="addEmployeePhotos" time="0.028"/>
  <testcase classname="com.Hrms.tests.TestPIMPage" name="viewEmployeeDetails" time="0.0"/>
  <testcase classname="com.Hrms.tests.TestPIMPage" name="editEmploymentStatus" time="0.032"/>
  <testcase classname="com.Hrms.tests.TestPIMPage" name="filterEmployeeList" time="0.0"/>
</testsuite> <!-- Chrome Test -->
