<?xml version="1.0" encoding="UTF-8"?>
<!-- Generated by org.testng.reporters.JUnitXMLReporter -->
<testsuite ignored="0" hostname="LAPTOP-5TIT49CS" failures="1" tests="9" name="IE Test" time="2.462" errors="0" timestamp="2025-12-08T00:34:43 IST">
  <testcase classname="com.Hrms.tests.TestPIMPage" name="addEmployeeThenVeify" time="0.039">
    <failure type="java.lang.AssertionError" message="Cannot invoke &amp;quot;org.openqa.selenium.WebDriver.findElement(org.openqa.selenium.By)&amp;quot; because &amp;quot;com.Hrms.utils.CommonUtils.driver&amp;quot; is null">
      <![CDATA[java.lang.AssertionError: Cannot invoke "org.openqa.selenium.WebDriver.findElement(org.openqa.selenium.By)" because "com.Hrms.utils.CommonUtils.driver" is null
at com.Hrms.utils.TestNGUtility.assertFail(TestNGUtility.java:41)
at com.Hrms.utils.CommonUtils.findElement(CommonUtils.java:159)
at com.Hrms.utils.CommonUtils.enterValue(CommonUtils.java:261)
at com.Hrms.pages.LoginPage.login(LoginPage.java:32)
at com.Hrms.tests.TestPIMPage.addEmployeeThenVeify(TestPIMPage.java:30)
at java.base/java.util.ArrayList.forEach(ArrayList.java:1511)
at java.base/java.util.concurrent.FutureTask.run(FutureTask.java:264)
at java.base/java.util.concurrent.ThreadPoolExecutor.runWorker(ThreadPoolExecutor.java:1136)
at java.base/java.util.concurrent.ThreadPoolExecutor$Worker.run(ThreadPoolExecutor.java:635)
at java.base/java.lang.Thread.run(Thread.java:833)
... Removed 18 stack frames]]>
    </failure>
  </testcase> <!-- addEmployeeThenVeify -->
  <testcase classname="com.Hrms.tests.TestPIMPage" name="searchEmployee" time="0.002"/>
  <testcase classname="com.Hrms.tests.TestPIMPage" name="editEmployeeDetails" time="0.002"/>
  <testcase classname="com.Hrms.tests.TestPIMPage" name="deleteEmployee" time="0.002"/>
  <testcase classname="com.Hrms.tests.TestPIMPage" name="viewEmployeeList" time="0.005"/>
  <testcase classname="com.Hrms.tests.TestPIMPage" name="addEmployeePhotos" time="0.007"/>
  <testcase classname="com.Hrms.tests.TestPIMPage" name="viewEmployeeDetails" time="0.003"/>
  <testcase classname="com.Hrms.tests.TestPIMPage" name="editEmploymentStatus" time="0.005"/>
  <testcase classname="com.Hrms.tests.TestPIMPage" name="filterEmployeeList" time="0.002"/>
</testsuite> <!-- IE Test -->
