<?xml version="1.0" encoding="UTF-8"?>
<testng-results ignored="0" total="1" passed="1" failed="0" skipped="0">
  <reporter-output>
  </reporter-output>
  <suite started-at="2026-01-23T20:32:11 GMT" name="Default suite" finished-at="2026-01-23T20:32:34 GMT" duration-ms="23405">
    <groups>
    </groups>
    <test started-at="2026-01-23T20:32:11 GMT" name="Default test" finished-at="2026-01-23T20:32:34 GMT" duration-ms="23405">
      <class name="com.tests.TestPIMPage">
        <test-method is-config="true" signature="setUp()[pri:0, instance:com.tests.TestPIMPage@1573f9fc]" started-at="2026-01-23T20:32:11 GMT" name="setUp" finished-at="2026-01-23T20:32:27 GMT" duration-ms="16707" status="PASS">
          <reporter-output>
          </reporter-output>
        </test-method> <!-- setUp -->
        <test-method signature="addEmployeeThenVerify()[pri:0, instance:com.tests.TestPIMPage@1573f9fc]" started-at="2026-01-23T20:32:28 GMT" name="addEmployeeThenVerify" finished-at="2026-01-23T20:32:34 GMT" duration-ms="6565" status="PASS">
          <reporter-output>
          </reporter-output>
        </test-method> <!-- addEmployeeThenVerify -->
      </class> <!-- com.tests.TestPIMPage -->
    </test> <!-- Default test -->
  </suite> <!-- Default suite -->
</testng-results>
