<?xml version="1.0" encoding="UTF-8"?>
<!-- Generated by org.testng.reporters.JUnitXMLReporter -->
<testsuite ignored="0" hostname="DESKTOP-AG4P164" failures="0" tests="1" name="TestngTestPIM" time="0.148" errors="0" timestamp="2026-01-06T17:25:34 GMT">
  <testcase classname="com.basepack.BasePage" name="@BeforeTest setUp" time="0.027">
    <failure type="java.lang.NullPointerException" message="Cannot invoke &amp;quot;com.microsoft.playwright.Browser.newPage()&amp;quot; because &amp;quot;com.util.CommonUtils.browser&amp;quot; is null">
      <![CDATA[java.lang.NullPointerException: Cannot invoke "com.microsoft.playwright.Browser.newPage()" because "com.util.CommonUtils.browser" is null
at com.util.CommonUtils.launchBrowser(CommonUtils.java:65)
at com.basepack.BasePage.setUp(BasePage.java:16)
... Removed 24 stack frames]]>
    </failure>
  </testcase> <!-- @BeforeTest setUp -->
  <testcase classname="com.basepack.BasePage" name="@AfterTest teardown" time="0.0">
    <skipped/>
  </testcase> <!-- @AfterTest teardown -->
  <testcase classname="com.tests.TestPIMPage" name="addEmployeeThenVerify" time="0.001">
    <skipped/>
  </testcase> <!-- addEmployeeThenVerify -->
</testsuite> <!-- TestngTestPIM -->
