<?xml version="1.0" encoding="UTF-8"?>
<!-- Generated by org.testng.reporters.JUnitXMLReporter -->
<testsuite ignored="0" hostname="DESKTOP-AG4P164" failures="1" tests="2" name="Test1" time="21.667" errors="0" timestamp="2025-12-18T20:06:40 GMT">
  <testcase classname="com.orangeHR.playwright.testcases.NewTest3" name="verifyTitle" time="1.562"/>
  <testcase classname="com.orangeHR.playwright.testcases.NewTest4" name="verifyTitle" time="0.083">
    <failure type="java.lang.AssertionError" message="expected [rangeHRM - New Level of HR Management] but found [OrangeHRM - New Level of HR Management]">
      <![CDATA[java.lang.AssertionError: expected [rangeHRM - New Level of HR Management] but found [OrangeHRM - New Level of HR Management]
at com.orangeHR.playwright.testcases.NewTest4.verifyTitle(NewTest4.java:23)
at java.base/java.util.ArrayList.forEach(ArrayList.java:1511)
... Removed 33 stack frames]]>
    </failure>
  </testcase> <!-- verifyTitle -->
</testsuite> <!-- Test1 -->
