<?xml version="1.0" encoding="UTF-8"?>
<!-- Generated by org.testng.reporters.JUnitXMLReporter -->
<testsuite ignored="7" hostname="LAPTOP-5TIT49CS" failures="0" tests="2" name="SmokeTest" time="0.094" errors="0" timestamp="2025-10-20T13:32:49 IST">
  <testcase classname="com.Hrms.tests.TestPIMPage" name="editEmployeeDetails" time="0.011"/>
  <testcase classname="com.Hrms.tests.TestPIMPage" name="deleteEmployee" time="0.001"/>
  <testcase classname="com.Hrms.tests.TestPIMPage" name="editEmploymentStatus" time="0.0">
    <ignored/>
  </testcase> <!-- editEmploymentStatus -->
  <testcase classname="com.Hrms.tests.TestPIMPage" name="viewEmployeeDetails" time="0.0">
    <ignored/>
  </testcase> <!-- viewEmployeeDetails -->
  <testcase classname="com.Hrms.tests.TestPIMPage" name="searchEmployee" time="0.0">
    <ignored/>
  </testcase> <!-- searchEmployee -->
  <testcase classname="com.Hrms.tests.TestPIMPage" name="addEmployeeThenVeify" time="0.0">
    <ignored/>
  </testcase> <!-- addEmployeeThenVeify -->
  <testcase classname="com.Hrms.tests.TestPIMPage" name="addEmployeePhotos" time="0.0">
    <ignored/>
  </testcase> <!-- addEmployeePhotos -->
  <testcase classname="com.Hrms.tests.TestPIMPage" name="viewEmployeeList" time="0.0">
    <ignored/>
  </testcase> <!-- viewEmployeeList -->
  <testcase classname="com.Hrms.tests.TestPIMPage" name="filterEmployeeList" time="0.0">
    <ignored/>
  </testcase> <!-- filterEmployeeList -->
</testsuite> <!-- SmokeTest -->
