<?xml version="1.0" encoding="UTF-8"?>
<!-- Generated by org.testng.reporters.JUnitXMLReporter -->
<testsuite ignored="0" hostname="LAPTOP-5TIT49CS" failures="0" tests="9" name="Test" time="13.387" errors="0" timestamp="2025-12-25T16:58:27 IST">
  <testcase classname="com.Hrms.tests.TestPIMPage" name="addEmployeeThenVerify" time="3.431"/>
  <testcase classname="com.Hrms.tests.TestPIMPage" name="searchEmployee" time="0.001"/>
  <testcase classname="com.Hrms.tests.TestPIMPage" name="editEmployeeDetails" time="0.003"/>
  <testcase classname="com.Hrms.tests.TestPIMPage" name="deleteEmployee" time="0.003"/>
  <testcase classname="com.Hrms.tests.TestPIMPage" name="viewEmployeeList" time="0.002"/>
  <testcase classname="com.Hrms.tests.TestPIMPage" name="addEmployeePhotos" time="0.002"/>
  <testcase classname="com.Hrms.tests.TestPIMPage" name="viewEmployeeDetails" time="0.002"/>
  <testcase classname="com.Hrms.tests.TestPIMPage" name="editEmploymentStatus" time="0.002"/>
  <testcase classname="com.Hrms.tests.TestPIMPage" name="filterEmployeeList" time="0.001"/>
</testsuite> <!-- Test -->
