<?xml version="1.0" encoding="UTF-8"?>
<!-- Generated by org.testng.reporters.JUnitReportReporter -->
<testsuite hostname="DESKTOP-AG4P164" failures="0" tests="2" name="com.orangeHR.playwright.testcases.SingleCheckBoxAndRadioButton" time="0.372" errors="0" timestamp="2026-02-03T11:15:12 GMT" skipped="0">
  <testcase classname="com.orangeHR.playwright.testcases.SingleCheckBoxAndRadioButton" name="singleCheckBox" time="0.270"/>
  <testcase classname="com.orangeHR.playwright.testcases.SingleCheckBoxAndRadioButton" name="singleRadioButton" time="0.102"/>
</testsuite> <!-- com.orangeHR.playwright.testcases.SingleCheckBoxAndRadioButton -->
