<?xml version="1.0" encoding="UTF-8"?>
<!-- Generated by org.testng.reporters.JUnitReportReporter -->
<testsuite hostname="DESKTOP-AG4P164" failures="0" tests="1" name="com.orangeHR.playwright.testcases.KeyboardActionsCopyPast" time="1.505" errors="0" timestamp="2026-01-23T09:27:48 GMT" skipped="0">
  <testcase classname="com.orangeHR.playwright.testcases.KeyboardActionsCopyPast" name="useCoptPastFromKeyboard" time="1.505"/>
</testsuite> <!-- com.orangeHR.playwright.testcases.KeyboardActionsCopyPast -->
