<?xml version="1.0" encoding="UTF-8"?>
<!-- Generated by org.testng.reporters.JUnitReportReporter -->
<testsuite hostname="DESKTOP-AG4P164" failures="0" tests="2" name="com.orangeHR.playwright.testcases.MultipleCheckboxesAndRadioButtons" time="1.318" errors="0" timestamp="2026-02-03T12:04:10 GMT" skipped="0">
  <testcase classname="com.orangeHR.playwright.testcases.MultipleCheckboxesAndRadioButtons" name="multipleCheckboxes" time="0.735"/>
  <testcase classname="com.orangeHR.playwright.testcases.MultipleCheckboxesAndRadioButtons" name="multipleRadioButtons" time="0.583"/>
</testsuite> <!-- com.orangeHR.playwright.testcases.MultipleCheckboxesAndRadioButtons -->
