<?xml version="1.0" encoding="UTF-8"?>
<testng-results ignored="0" total="9" passed="9" failed="0" skipped="0">
  <reporter-output>
  </reporter-output>
  <suite started-at="2025-12-25T16:58:14 IST" name="Suite" finished-at="2025-12-25T16:58:27 IST" duration-ms="13387">
    <groups>
    </groups>
    <test started-at="2025-12-25T16:58:14 IST" name="Test" finished-at="2025-12-25T16:58:27 IST" duration-ms="13387">
      <class name="com.Hrms.tests.TestPIMPage">
        <test-method is-config="true" signature="setup()[pri:0, instance:com.Hrms.tests.TestPIMPage@4afcd809]" started-at="2025-12-25T16:58:14 IST" name="setup" finished-at="2025-12-25T16:58:24 IST" duration-ms="9861" status="PASS">
          <reporter-output>
          </reporter-output>
        </test-method> <!-- setup -->
        <test-method signature="addEmployeeThenVerify()[pri:0, instance:com.Hrms.tests.TestPIMPage@4afcd809]" started-at="2025-12-25T16:58:24 IST" name="addEmployeeThenVerify" description="Verify that an employee can be added successfully" finished-at="2025-12-25T16:58:27 IST" duration-ms="3431" status="PASS">
          <reporter-output>
          </reporter-output>
        </test-method> <!-- addEmployeeThenVerify -->
        <test-method signature="searchEmployee()[pri:1, instance:com.Hrms.tests.TestPIMPage@4afcd809]" started-at="2025-12-25T16:58:27 IST" name="searchEmployee" description="Verify that the search functionality returns the correct employee" finished-at="2025-12-25T16:58:27 IST" duration-ms="1" status="PASS">
          <reporter-output>
          </reporter-output>
        </test-method> <!-- searchEmployee -->
        <test-method signature="editEmployeeDetails()[pri:2, instance:com.Hrms.tests.TestPIMPage@4afcd809]" started-at="2025-12-25T16:58:27 IST" name="editEmployeeDetails" description="Verify that employee details can be edited successfully" finished-at="2025-12-25T16:58:27 IST" duration-ms="3" status="PASS">
          <reporter-output>
          </reporter-output>
        </test-method> <!-- editEmployeeDetails -->
        <test-method signature="deleteEmployee()[pri:3, instance:com.Hrms.tests.TestPIMPage@4afcd809]" started-at="2025-12-25T16:58:27 IST" name="deleteEmployee" description="Verify that an employee can be deleted successfully" finished-at="2025-12-25T16:58:27 IST" duration-ms="3" status="PASS">
          <reporter-output>
          </reporter-output>
        </test-method> <!-- deleteEmployee -->
        <test-method signature="viewEmployeeList()[pri:4, instance:com.Hrms.tests.TestPIMPage@4afcd809]" started-at="2025-12-25T16:58:27 IST" name="viewEmployeeList" description="Verify that the employee list is displayed correctly with accurate information" finished-at="2025-12-25T16:58:27 IST" duration-ms="2" status="PASS">
          <reporter-output>
          </reporter-output>
        </test-method> <!-- viewEmployeeList -->
        <test-method signature="addEmployeePhotos()[pri:5, instance:com.Hrms.tests.TestPIMPage@4afcd809]" started-at="2025-12-25T16:58:27 IST" name="addEmployeePhotos" description="Verify that photos can be added to employee profiles" finished-at="2025-12-25T16:58:27 IST" duration-ms="2" status="PASS">
          <reporter-output>
          </reporter-output>
        </test-method> <!-- addEmployeePhotos -->
        <test-method signature="viewEmployeeDetails()[pri:6, instance:com.Hrms.tests.TestPIMPage@4afcd809]" started-at="2025-12-25T16:58:27 IST" name="viewEmployeeDetails" description="Verify that employee details are correctly displayed" finished-at="2025-12-25T16:58:27 IST" duration-ms="2" status="PASS">
          <reporter-output>
          </reporter-output>
        </test-method> <!-- viewEmployeeDetails -->
        <test-method signature="editEmploymentStatus()[pri:7, instance:com.Hrms.tests.TestPIMPage@4afcd809]" started-at="2025-12-25T16:58:27 IST" name="editEmploymentStatus" description="Verify that the employment status of an employee can be updated" finished-at="2025-12-25T16:58:27 IST" duration-ms="2" status="PASS">
          <reporter-output>
          </reporter-output>
        </test-method> <!-- editEmploymentStatus -->
        <test-method signature="filterEmployeeList()[pri:8, instance:com.Hrms.tests.TestPIMPage@4afcd809]" started-at="2025-12-25T16:58:27 IST" name="filterEmployeeList" description="Verify that the employee list can be filtered based on various criteria" finished-at="2025-12-25T16:58:27 IST" duration-ms="1" status="PASS">
          <reporter-output>
          </reporter-output>
        </test-method> <!-- filterEmployeeList -->
        <test-method is-config="true" signature="tearDown()[pri:0, instance:com.Hrms.tests.TestPIMPage@4afcd809]" started-at="2025-12-25T16:58:27 IST" name="tearDown" finished-at="2025-12-25T16:58:27 IST" duration-ms="1" status="PASS">
          <reporter-output>
          </reporter-output>
        </test-method> <!-- tearDown -->
      </class> <!-- com.Hrms.tests.TestPIMPage -->
    </test> <!-- Test -->
  </suite> <!-- Suite -->
</testng-results>
